Optimization terminated successfully.
         Current function value: 0.475070
         Iterations: 47
         Function evaluations: 90
Optimization terminated successfully.
         Current function value: 0.531126
         Iterations: 20
         Function evaluations: 40
Optimization terminated successfully.
         Current function value: 0.474237
         Iterations: 46
         Function evaluations: 88
Optimization terminated successfully.
         Current function value: 0.580917
         Iterations: 20
         Function evaluations: 40
Optimization terminated successfully.
         Current function value: 0.280269
         Iterations: 50
         Function evaluations: 99
Optimization terminated successfully.
         Current function value: 0.475644
         Iterations: 19
         Function evaluations: 38
Optimization terminated successfully.
         Current function value: 0.072407
         Iterations: 39
         Function evaluations: 74
Optimization terminated successfully.
         Current function value: 0.089675
         Iterations: 17
         Function evaluations: 34
Optimization terminated successfully.
         Current function value: 0.244127
         Iterations: 39
         Function evaluations: 75
Optimization terminated successfully.
         Current function value: 0.275281
         Iterations: 18
         Function evaluations: 36
Optimization terminated successfully.
         Current function value: 0.174060
         Iterations: 42
         Function evaluations: 83
Optimization terminated successfully.
         Current function value: 0.304596
         Iterations: 19
         Function evaluations: 38
Optimization terminated successfully.
         Current function value: 0.410472
         Iterations: 51
         Function evaluations: 95
Optimization terminated successfully.
         Current function value: 0.598908
         Iterations: 20
         Function evaluations: 40
Optimization terminated successfully.
         Current function value: 0.456950
         Iterations: 45
         Function evaluations: 87
Optimization terminated successfully.
         Current function value: 0.620034
         Iterations: 20
         Function evaluations: 40
Optimization terminated successfully.
         Current function value: 0.301281
         Iterations: 47
         Function evaluations: 92
Optimization terminated successfully.
         Current function value: 0.462450
         Iterations: 20
         Function evaluations: 40
Optimization terminated successfully.
         Current function value: -0.212597
         Iterations: 51
         Function evaluations: 98
Optimization terminated successfully.
         Current function value: 0.064980
         Iterations: 19
         Function evaluations: 38
Optimization terminated successfully.
         Current function value: 0.000892
         Iterations: 47
         Function evaluations: 87
Optimization terminated successfully.
         Current function value: 0.267508
         Iterations: 20
         Function evaluations: 40
Optimization terminated successfully.
         Current function value: 0.131145
         Iterations: 46
         Function evaluations: 86
Optimization terminated successfully.
         Current function value: 0.376357
         Iterations: 19
         Function evaluations: 38
Optimization terminated successfully.
         Current function value: 0.890606
         Iterations: 58
         Function evaluations: 109
Warning: Maximum number of function evaluations has been exceeded.
Optimization terminated successfully.
         Current function value: -3.691529
         Iterations: 45
         Function evaluations: 87
Warning: Maximum number of function evaluations has been exceeded.
Optimization terminated successfully.
         Current function value: 0.085796
         Iterations: 53
         Function evaluations: 101
Warning: Maximum number of function evaluations has been exceeded.
Optimization terminated successfully.
         Current function value: 0.147172
         Iterations: 45
         Function evaluations: 85
Optimization terminated successfully.
         Current function value: 0.263258
         Iterations: 20
         Function evaluations: 40
Optimization terminated successfully.
         Current function value: 0.322949
         Iterations: 45
         Function evaluations: 86
Optimization terminated successfully.
         Current function value: 0.419350
         Iterations: 19
         Function evaluations: 38
Optimization terminated successfully.
         Current function value: -0.416450
         Iterations: 47
         Function evaluations: 91
Warning: Maximum number of function evaluations has been exceeded.
Warning: Maximum number of function evaluations has been exceeded.
Optimization terminated successfully.
         Current function value: 0.262165
         Iterations: 18
         Function evaluations: 36
Optimization terminated successfully.
         Current function value: -0.342777
         Iterations: 55
         Function evaluations: 108
Optimization terminated successfully.
         Current function value: 0.115610
         Iterations: 20
         Function evaluations: 40
Optimization terminated successfully.
         Current function value: -0.429735
         Iterations: 67
         Function evaluations: 127
Optimization terminated successfully.
         Current function value: 0.119475
         Iterations: 20
         Function evaluations: 40
Warning: Maximum number of function evaluations has been exceeded.
Optimization terminated successfully.
         Current function value: -0.101880
         Iterations: 16
         Function evaluations: 32
Warning: Maximum number of function evaluations has been exceeded.
Optimization terminated successfully.
         Current function value: 0.083934
         Iterations: 18
         Function evaluations: 36
Optimization terminated successfully.
         Current function value: -0.108044
         Iterations: 48
         Function evaluations: 93
Optimization terminated successfully.
         Current function value: 0.166484
         Iterations: 19
         Function evaluations: 38
Optimization terminated successfully.
         Current function value: 0.952813
         Iterations: 53
         Function evaluations: 98
Optimization terminated successfully.
         Current function value: 0.978559
         Iterations: 19
         Function evaluations: 38
Optimization terminated successfully.
         Current function value: -1.975322
         Iterations: 46
         Function evaluations: 88
Warning: Maximum number of function evaluations has been exceeded.
Optimization terminated successfully.
         Current function value: -3.865578
         Iterations: 45
         Function evaluations: 86
Warning: Maximum number of function evaluations has been exceeded.
Optimization terminated successfully.
         Current function value: 0.973887
         Iterations: 46
         Function evaluations: 90
Warning: Maximum number of function evaluations has been exceeded.
Optimization terminated successfully.
         Current function value: 0.741605
         Iterations: 48
         Function evaluations: 90
Warning: Maximum number of function evaluations has been exceeded.
Optimization terminated successfully.
         Current function value: -0.925770
         Iterations: 49
         Function evaluations: 93
Warning: Maximum number of function evaluations has been exceeded.
Optimization terminated successfully.
         Current function value: -0.581728
         Iterations: 47
         Function evaluations: 93
Warning: Maximum number of function evaluations has been exceeded.
Optimization terminated successfully.
         Current function value: -6.794688
         Iterations: 46
         Function evaluations: 88
Warning: Maximum number of function evaluations has been exceeded.
Optimization terminated successfully.
         Current function value: -4.902851
         Iterations: 44
         Function evaluations: 84
Warning: Maximum number of function evaluations has been exceeded.
Optimization terminated successfully.
         Current function value: -2.569400
         Iterations: 50
         Function evaluations: 95
Warning: Maximum number of function evaluations has been exceeded.
Optimization terminated successfully.
         Current function value: -2.079970
         Iterations: 44
         Function evaluations: 84
Warning: Maximum number of function evaluations has been exceeded.
Optimization terminated successfully.
         Current function value: -4.349606
         Iterations: 40
         Function evaluations: 78
Warning: Maximum number of function evaluations has been exceeded.
Error encountered in fitting
Error encountered in fitting
Optimization terminated successfully.
         Current function value: 0.581728
         Iterations: 48
         Function evaluations: 92
Optimization terminated successfully.
         Current function value: 0.586241
         Iterations: 21
         Function evaluations: 42
Optimization terminated successfully.
         Current function value: 0.725606
         Iterations: 40
         Function evaluations: 75
Optimization terminated successfully.
         Current function value: 0.748304
         Iterations: 20
         Function evaluations: 40
Optimization terminated successfully.
         Current function value: 0.725364
         Iterations: 40
         Function evaluations: 77
Optimization terminated successfully.
         Current function value: 0.748383
         Iterations: 20
         Function evaluations: 40
Error encountered in fitting
Optimization terminated successfully.
         Current function value: 0.699121
         Iterations: 52
         Function evaluations: 98
Optimization terminated successfully.
         Current function value: 0.699465
         Iterations: 21
         Function evaluations: 42
Error encountered in fitting
Error encountered in fitting
Error encountered in fitting
Optimization terminated successfully.
         Current function value: 0.737903
         Iterations: 45
         Function evaluations: 87
Optimization terminated successfully.
         Current function value: 0.738776
         Iterations: 20
         Function evaluations: 40
Optimization terminated successfully.
         Current function value: 0.796299
         Iterations: 44
         Function evaluations: 82
Optimization terminated successfully.
         Current function value: 0.796535
         Iterations: 20
         Function evaluations: 40
Optimization terminated successfully.
         Current function value: 0.738663
         Iterations: 40
         Function evaluations: 76
Optimization terminated successfully.
         Current function value: 0.753077
         Iterations: 20
         Function evaluations: 40
Optimization terminated successfully.
         Current function value: 0.607667
         Iterations: 46
         Function evaluations: 90
Optimization terminated successfully.
         Current function value: 0.701219
         Iterations: 20
         Function evaluations: 40
Optimization terminated successfully.
         Current function value: 0.383687
         Iterations: 47
         Function evaluations: 88
Optimization terminated successfully.
         Current function value: 0.566612
         Iterations: 20
         Function evaluations: 40
Error encountered in fitting
Optimization terminated successfully.
         Current function value: 0.838507
         Iterations: 37
         Function evaluations: 71
Optimization terminated successfully.
         Current function value: 0.840356
         Iterations: 20
         Function evaluations: 40
Optimization terminated successfully.
         Current function value: 0.812225
         Iterations: 43
         Function evaluations: 83
Optimization terminated successfully.
         Current function value: 0.815619
         Iterations: 20
         Function evaluations: 40
Optimization terminated successfully.
         Current function value: 0.644585
         Iterations: 43
         Function evaluations: 84
Optimization terminated successfully.
         Current function value: 0.673431
         Iterations: 20
         Function evaluations: 40
Optimization terminated successfully.
         Current function value: 0.495077
         Iterations: 45
         Function evaluations: 88
Optimization terminated successfully.
         Current function value: 0.572625
         Iterations: 18
         Function evaluations: 36
Optimization terminated successfully.
         Current function value: 0.432671
         Iterations: 40
         Function evaluations: 75
Optimization terminated successfully.
         Current function value: 0.484604
         Iterations: 18
         Function evaluations: 36
Optimization terminated successfully.
         Current function value: 0.435396
         Iterations: 42
         Function evaluations: 81
Optimization terminated successfully.
         Current function value: 0.453321
         Iterations: 19
         Function evaluations: 38
Optimization terminated successfully.
         Current function value: 0.565717
         Iterations: 43
         Function evaluations: 83
Optimization terminated successfully.
         Current function value: 0.638166
         Iterations: 19
         Function evaluations: 38
Optimization terminated successfully.
         Current function value: 0.523770
         Iterations: 38
         Function evaluations: 73
Optimization terminated successfully.
         Current function value: 0.580877
         Iterations: 19
         Function evaluations: 38
Optimization terminated successfully.
         Current function value: 0.505864
         Iterations: 42
         Function evaluations: 76
Optimization terminated successfully.
         Current function value: 0.536774
         Iterations: 19
         Function evaluations: 38
Optimization terminated successfully.
         Current function value: 0.715684
         Iterations: 49
         Function evaluations: 95
Optimization terminated successfully.
         Current function value: 0.717052
         Iterations: 19
         Function evaluations: 38
Optimization terminated successfully.
         Current function value: 0.366413
         Iterations: 46
         Function evaluations: 88
Optimization terminated successfully.
         Current function value: 0.367115
         Iterations: 19
         Function evaluations: 38
Optimization terminated successfully.
         Current function value: 0.298712
         Iterations: 36
         Function evaluations: 71
Optimization terminated successfully.
         Current function value: 0.304564
         Iterations: 19
         Function evaluations: 38
Optimization terminated successfully.
         Current function value: 0.744959
         Iterations: 35
         Function evaluations: 69
Optimization terminated successfully.
         Current function value: 0.746439
         Iterations: 20
         Function evaluations: 40
Optimization terminated successfully.
         Current function value: 0.724342
         Iterations: 42
         Function evaluations: 80
Optimization terminated successfully.
         Current function value: 0.725015
         Iterations: 19
         Function evaluations: 38
Optimization terminated successfully.
         Current function value: 0.531413
         Iterations: 48
         Function evaluations: 92
Optimization terminated successfully.
         Current function value: 0.545350
         Iterations: 19
         Function evaluations: 38
Optimization terminated successfully.
         Current function value: 0.654682
         Iterations: 43
         Function evaluations: 83
Optimization terminated successfully.
         Current function value: 0.686747
         Iterations: 20
         Function evaluations: 40
Optimization terminated successfully.
         Current function value: 0.625878
         Iterations: 40
         Function evaluations: 81
Optimization terminated successfully.
         Current function value: 0.682582
         Iterations: 20
         Function evaluations: 40
Optimization terminated successfully.
         Current function value: 0.299882
         Iterations: 48
         Function evaluations: 94
Optimization terminated successfully.
         Current function value: 0.435153
         Iterations: 19
         Function evaluations: 38
Optimization terminated successfully.
         Current function value: 0.709988
         Iterations: 43
         Function evaluations: 82
Optimization terminated successfully.
         Current function value: 0.729466
         Iterations: 20
         Function evaluations: 40
Optimization terminated successfully.
         Current function value: 0.705790
         Iterations: 42
         Function evaluations: 80
Optimization terminated successfully.
         Current function value: 0.728133
         Iterations: 20
         Function evaluations: 40
Optimization terminated successfully.
         Current function value: 0.590950
         Iterations: 44
         Function evaluations: 84
Optimization terminated successfully.
         Current function value: 0.621671
         Iterations: 20
         Function evaluations: 40
Optimization terminated successfully.
         Current function value: 0.385790
         Iterations: 36
         Function evaluations: 71
Optimization terminated successfully.
         Current function value: 0.435444
         Iterations: 18
         Function evaluations: 36
Optimization terminated successfully.
         Current function value: 0.451091
         Iterations: 38
         Function evaluations: 70
Optimization terminated successfully.
         Current function value: 0.548975
         Iterations: 18
         Function evaluations: 36
Optimization terminated successfully.
         Current function value: 0.274454
         Iterations: 37
         Function evaluations: 69
Optimization terminated successfully.
         Current function value: 0.275765
         Iterations: 19
         Function evaluations: 38
Optimization terminated successfully.
         Current function value: 0.839933
         Iterations: 47
         Function evaluations: 89
Optimization terminated successfully.
         Current function value: 0.916909
         Iterations: 19
         Function evaluations: 38
Optimization terminated successfully.
         Current function value: 0.697337
         Iterations: 46
         Function evaluations: 90
Optimization terminated successfully.
         Current function value: 0.754854
         Iterations: 19
         Function evaluations: 38
Optimization terminated successfully.
         Current function value: 0.507301
         Iterations: 40
         Function evaluations: 77
Optimization terminated successfully.
         Current function value: 0.556259
         Iterations: 19
         Function evaluations: 38
Optimization terminated successfully.
         Current function value: 0.997341
         Iterations: 52
         Function evaluations: 99
Warning: Maximum number of function evaluations has been exceeded.
Error encountered in fitting
Error encountered in fitting
Optimization terminated successfully.
         Current function value: -2.545457
         Iterations: 45
         Function evaluations: 87
Warning: Maximum number of function evaluations has been exceeded.
Optimization terminated successfully.
         Current function value: -1.648432
         Iterations: 47
         Function evaluations: 88
Warning: Maximum number of function evaluations has been exceeded.
Optimization terminated successfully.
         Current function value: 0.706359
         Iterations: 44
         Function evaluations: 83
Optimization terminated successfully.
         Current function value: 0.720420
         Iterations: 20
         Function evaluations: 40
Optimization terminated successfully.
         Current function value: 0.786412
         Iterations: 44
         Function evaluations: 84
Optimization terminated successfully.
         Current function value: 0.790391
         Iterations: 19
         Function evaluations: 38
Optimization terminated successfully.
         Current function value: -0.766196
         Iterations: 47
         Function evaluations: 89
Warning: Maximum number of function evaluations has been exceeded.
Optimization terminated successfully.
         Current function value: 0.726112
         Iterations: 49
         Function evaluations: 90
Optimization terminated successfully.
         Current function value: 0.726125
         Iterations: 21
         Function evaluations: 42
Optimization terminated successfully.
         Current function value: 0.747044
         Iterations: 56
         Function evaluations: 109
Optimization terminated successfully.
         Current function value: 0.775040
         Iterations: 19
         Function evaluations: 38
Optimization terminated successfully.
         Current function value: 0.511563
         Iterations: 38
         Function evaluations: 71
Optimization terminated successfully.
         Current function value: 0.511608
         Iterations: 18
         Function evaluations: 36
Optimization terminated successfully.
         Current function value: 0.835543
         Iterations: 46
         Function evaluations: 87
Optimization terminated successfully.
         Current function value: 0.844833
         Iterations: 20
         Function evaluations: 40
Optimization terminated successfully.
         Current function value: 0.894587
         Iterations: 51
         Function evaluations: 98
Optimization terminated successfully.
         Current function value: 0.903559
         Iterations: 20
         Function evaluations: 40
Optimization terminated successfully.
         Current function value: 0.894230
         Iterations: 45
         Function evaluations: 88
Optimization terminated successfully.
         Current function value: 0.941732
         Iterations: 20
         Function evaluations: 40
Optimization terminated successfully.
         Current function value: 0.482731
         Iterations: 42
         Function evaluations: 80
Optimization terminated successfully.
         Current function value: 0.522894
         Iterations: 20
         Function evaluations: 40
Optimization terminated successfully.
         Current function value: 0.749310
         Iterations: 36
         Function evaluations: 70
Optimization terminated successfully.
         Current function value: 0.761303
         Iterations: 20
         Function evaluations: 40
Optimization terminated successfully.
         Current function value: 0.828703
         Iterations: 40
         Function evaluations: 78
Optimization terminated successfully.
         Current function value: 0.828741
         Iterations: 20
         Function evaluations: 40
Optimization terminated successfully.
         Current function value: 0.630902
         Iterations: 50
         Function evaluations: 98
Optimization terminated successfully.
         Current function value: 0.688646
         Iterations: 20
         Function evaluations: 40
Optimization terminated successfully.
         Current function value: 0.671457
         Iterations: 43
         Function evaluations: 86
Optimization terminated successfully.
         Current function value: 0.700651
         Iterations: 20
         Function evaluations: 40
Optimization terminated successfully.
         Current function value: 0.875715
         Iterations: 48
         Function evaluations: 91
Optimization terminated successfully.
         Current function value: 0.877814
         Iterations: 20
         Function evaluations: 40
Optimization terminated successfully.
         Current function value: 0.864173
         Iterations: 43
         Function evaluations: 81
Optimization terminated successfully.
         Current function value: 0.866600
         Iterations: 20
         Function evaluations: 40
Optimization terminated successfully.
         Current function value: 0.754826
         Iterations: 38
         Function evaluations: 75
Optimization terminated successfully.
         Current function value: 0.792974
         Iterations: 20
         Function evaluations: 40
Optimization terminated successfully.
         Current function value: 0.282252
         Iterations: 39
         Function evaluations: 75
Optimization terminated successfully.
         Current function value: 0.295413
         Iterations: 19
         Function evaluations: 38
Optimization terminated successfully.
         Current function value: 0.901881
         Iterations: 49
         Function evaluations: 93
Optimization terminated successfully.
         Current function value: 0.902293
         Iterations: 20
         Function evaluations: 40
Optimization terminated successfully.
         Current function value: 0.942798
         Iterations: 52
         Function evaluations: 101
Optimization terminated successfully.
         Current function value: 0.953227
         Iterations: 20
         Function evaluations: 40
Optimization terminated successfully.
         Current function value: 0.754919
         Iterations: 38
         Function evaluations: 72
Optimization terminated successfully.
         Current function value: 0.772657
         Iterations: 19
         Function evaluations: 38
Optimization terminated successfully.
         Current function value: 0.812335
         Iterations: 41
         Function evaluations: 80
Optimization terminated successfully.
         Current function value: 0.818717
         Iterations: 20
         Function evaluations: 40
Error encountered in fitting
Error encountered in fitting
Optimization terminated successfully.
         Current function value: 0.720396
         Iterations: 44
         Function evaluations: 85
Optimization terminated successfully.
         Current function value: 0.744487
         Iterations: 20
         Function evaluations: 40
Optimization terminated successfully.
         Current function value: 0.427743
         Iterations: 38
         Function evaluations: 74
Optimization terminated successfully.
         Current function value: 0.432295
         Iterations: 19
         Function evaluations: 38
Optimization terminated successfully.
         Current function value: 0.847001
         Iterations: 41
         Function evaluations: 79
Optimization terminated successfully.
         Current function value: 0.856027
         Iterations: 20
         Function evaluations: 40
Optimization terminated successfully.
         Current function value: 0.890908
         Iterations: 43
         Function evaluations: 82
Optimization terminated successfully.
         Current function value: 0.890930
         Iterations: 20
         Function evaluations: 40
Optimization terminated successfully.
         Current function value: 0.784310
         Iterations: 45
         Function evaluations: 83
Optimization terminated successfully.
         Current function value: 0.804037
         Iterations: 19
         Function evaluations: 38
Optimization terminated successfully.
         Current function value: 0.846377
         Iterations: 36
         Function evaluations: 71
Optimization terminated successfully.
         Current function value: 0.847107
         Iterations: 20
         Function evaluations: 40
Optimization terminated successfully.
         Current function value: 0.762375
         Iterations: 45
         Function evaluations: 85
Optimization terminated successfully.
         Current function value: 0.790920
         Iterations: 19
         Function evaluations: 38
Optimization terminated successfully.
         Current function value: 0.464283
         Iterations: 36
         Function evaluations: 69
Optimization terminated successfully.
         Current function value: 0.464346
         Iterations: 19
         Function evaluations: 38
Optimization terminated successfully.
         Current function value: 0.902717
         Iterations: 51
         Function evaluations: 97
Optimization terminated successfully.
         Current function value: 0.902717
         Iterations: 20
         Function evaluations: 40
Optimization terminated successfully.
         Current function value: 0.940474
         Iterations: 51
         Function evaluations: 100
Optimization terminated successfully.
         Current function value: 0.959704
         Iterations: 20
         Function evaluations: 40
Optimization terminated successfully.
         Current function value: 0.848729
         Iterations: 42
         Function evaluations: 83
Optimization terminated successfully.
         Current function value: 0.899235
         Iterations: 19
         Function evaluations: 38
Optimization terminated successfully.
         Current function value: 0.748605
         Iterations: 44
         Function evaluations: 84
Optimization terminated successfully.
         Current function value: 0.748609
         Iterations: 20
         Function evaluations: 40
Optimization terminated successfully.
         Current function value: 0.743767
         Iterations: 50
         Function evaluations: 93
Optimization terminated successfully.
         Current function value: 0.771299
         Iterations: 20
         Function evaluations: 40
Optimization terminated successfully.
         Current function value: 0.567016
         Iterations: 37
         Function evaluations: 74
Optimization terminated successfully.
         Current function value: 0.567220
         Iterations: 18
         Function evaluations: 36
Optimization terminated successfully.
         Current function value: 0.823251
         Iterations: 42
         Function evaluations: 80
Optimization terminated successfully.
         Current function value: 0.827648
         Iterations: 20
         Function evaluations: 40
Optimization terminated successfully.
         Current function value: 0.863754
         Iterations: 51
         Function evaluations: 98
Optimization terminated successfully.
         Current function value: 0.869714
         Iterations: 20
         Function evaluations: 40
Optimization terminated successfully.
         Current function value: 0.901244
         Iterations: 47
         Function evaluations: 89
Optimization terminated successfully.
         Current function value: 0.939508
         Iterations: 20
         Function evaluations: 40
Optimization terminated successfully.
         Current function value: 0.799595
         Iterations: 43
         Function evaluations: 82
Optimization terminated successfully.
         Current function value: 0.799650
         Iterations: 20
         Function evaluations: 40
Optimization terminated successfully.
         Current function value: 0.717677
         Iterations: 47
         Function evaluations: 90
Optimization terminated successfully.
         Current function value: 0.759733
         Iterations: 19
         Function evaluations: 38
Optimization terminated successfully.
         Current function value: 0.463256
         Iterations: 35
         Function evaluations: 70
Optimization terminated successfully.
         Current function value: 0.467752
         Iterations: 19
         Function evaluations: 38
Optimization terminated successfully.
         Current function value: 0.855091
         Iterations: 49
         Function evaluations: 93
Optimization terminated successfully.
         Current function value: 0.863943
         Iterations: 20
         Function evaluations: 40
Optimization terminated successfully.
         Current function value: 0.912100
         Iterations: 54
         Function evaluations: 105
Optimization terminated successfully.
         Current function value: 0.918710
         Iterations: 20
         Function evaluations: 40
Optimization terminated successfully.
         Current function value: 0.861027
         Iterations: 42
         Function evaluations: 80
Optimization terminated successfully.
         Current function value: 0.906012
         Iterations: 19
         Function evaluations: 38
Optimization terminated successfully.
         Current function value: 0.512155
         Iterations: 45
         Function evaluations: 86
Optimization terminated successfully.
         Current function value: 0.519809
         Iterations: 20
         Function evaluations: 40
Optimization terminated successfully.
         Current function value: 0.411184
         Iterations: 48
         Function evaluations: 93
Optimization terminated successfully.
         Current function value: 0.417409
         Iterations: 21
         Function evaluations: 42
Optimization terminated successfully.
         Current function value: 0.637506
         Iterations: 45
         Function evaluations: 84
Optimization terminated successfully.
         Current function value: 0.696315
         Iterations: 20
         Function evaluations: 40
Optimization terminated successfully.
         Current function value: 0.653756
         Iterations: 43
         Function evaluations: 85
Optimization terminated successfully.
         Current function value: 0.710314
         Iterations: 20
         Function evaluations: 40
Optimization terminated successfully.
         Current function value: 0.681186
         Iterations: 38
         Function evaluations: 75
Optimization terminated successfully.
         Current function value: 0.706747
         Iterations: 20
         Function evaluations: 40
Optimization terminated successfully.
         Current function value: 0.672249
         Iterations: 42
         Function evaluations: 82
Optimization terminated successfully.
         Current function value: 0.683710
         Iterations: 21
         Function evaluations: 42
Optimization terminated successfully.
         Current function value: 0.745286
         Iterations: 42
         Function evaluations: 84
Optimization terminated successfully.
         Current function value: 0.750566
         Iterations: 20
         Function evaluations: 40
Optimization terminated successfully.
         Current function value: 0.584303
         Iterations: 48
         Function evaluations: 95
Optimization terminated successfully.
         Current function value: 0.633606
         Iterations: 20
         Function evaluations: 40
Optimization terminated successfully.
         Current function value: 0.564263
         Iterations: 39
         Function evaluations: 73
Optimization terminated successfully.
         Current function value: 0.568018
         Iterations: 18
         Function evaluations: 36
Optimization terminated successfully.
         Current function value: 0.811347
         Iterations: 46
         Function evaluations: 87
Optimization terminated successfully.
         Current function value: 0.825857
         Iterations: 20
         Function evaluations: 40
Optimization terminated successfully.
         Current function value: 0.845483
         Iterations: 47
         Function evaluations: 90
Optimization terminated successfully.
         Current function value: 0.846429
         Iterations: 20
         Function evaluations: 40
Optimization terminated successfully.
         Current function value: 0.862545
         Iterations: 45
         Function evaluations: 83
Optimization terminated successfully.
         Current function value: 0.868697
         Iterations: 20
         Function evaluations: 40
Optimization terminated successfully.
         Current function value: 0.800617
         Iterations: 42
         Function evaluations: 78
Optimization terminated successfully.
         Current function value: 0.804432
         Iterations: 20
         Function evaluations: 40
Optimization terminated successfully.
         Current function value: 0.644092
         Iterations: 45
         Function evaluations: 83
Optimization terminated successfully.
         Current function value: 0.679648
         Iterations: 19
         Function evaluations: 38
Optimization terminated successfully.
         Current function value: 0.662787
         Iterations: 38
         Function evaluations: 72
Optimization terminated successfully.
         Current function value: 0.662905
         Iterations: 19
         Function evaluations: 38
Optimization terminated successfully.
         Current function value: 0.804437
         Iterations: 49
         Function evaluations: 92
Optimization terminated successfully.
         Current function value: 0.822942
         Iterations: 20
         Function evaluations: 40
Optimization terminated successfully.
         Current function value: 0.838770
         Iterations: 48
         Function evaluations: 93
Optimization terminated successfully.
         Current function value: 0.843774
         Iterations: 20
         Function evaluations: 40
Optimization terminated successfully.
         Current function value: 0.872990
         Iterations: 43
         Function evaluations: 79
Optimization terminated successfully.
         Current function value: 0.883459
         Iterations: 20
         Function evaluations: 40
Optimization terminated successfully.
         Current function value: 0.851892
         Iterations: 54
         Function evaluations: 105
Optimization terminated successfully.
         Current function value: 0.854051
         Iterations: 20
         Function evaluations: 40
Optimization terminated successfully.
         Current function value: 0.635726
         Iterations: 48
         Function evaluations: 93
Optimization terminated successfully.
         Current function value: 0.682243
         Iterations: 19
         Function evaluations: 38
Optimization terminated successfully.
         Current function value: 0.321489
         Iterations: 42
         Function evaluations: 79
Optimization terminated successfully.
         Current function value: 0.334347
         Iterations: 18
         Function evaluations: 36
Optimization terminated successfully.
         Current function value: 0.909141
         Iterations: 55
         Function evaluations: 105
Optimization terminated successfully.
         Current function value: 0.909147
         Iterations: 20
         Function evaluations: 40
Optimization terminated successfully.
         Current function value: 0.946191
         Iterations: 51
         Function evaluations: 96
Optimization terminated successfully.
         Current function value: 0.960936
         Iterations: 20
         Function evaluations: 40
Optimization terminated successfully.
         Current function value: 0.786601
         Iterations: 45
         Function evaluations: 85
Optimization terminated successfully.
         Current function value: 0.810539
         Iterations: 20
         Function evaluations: 40
Optimization terminated successfully.
         Current function value: 0.791126
         Iterations: 49
         Function evaluations: 91
Optimization terminated successfully.
         Current function value: 0.799254
         Iterations: 20
         Function evaluations: 40
Optimization terminated successfully.
         Current function value: 0.671238
         Iterations: 42
         Function evaluations: 81
Optimization terminated successfully.
         Current function value: 0.701175
         Iterations: 20
         Function evaluations: 40
Optimization terminated successfully.
         Current function value: 0.610071
         Iterations: 37
         Function evaluations: 70
Optimization terminated successfully.
         Current function value: 0.617582
         Iterations: 19
         Function evaluations: 38
Optimization terminated successfully.
         Current function value: 0.830623
         Iterations: 38
         Function evaluations: 70
Optimization terminated successfully.
         Current function value: 0.835940
         Iterations: 20
         Function evaluations: 40
Optimization terminated successfully.
         Current function value: 0.863153
         Iterations: 49
         Function evaluations: 95
Optimization terminated successfully.
         Current function value: 0.865160
         Iterations: 20
         Function evaluations: 40
Optimization terminated successfully.
         Current function value: 0.851028
         Iterations: 46
         Function evaluations: 89
Optimization terminated successfully.
         Current function value: 0.861707
         Iterations: 20
         Function evaluations: 40
Optimization terminated successfully.
         Current function value: 0.827313
         Iterations: 36
         Function evaluations: 70
Optimization terminated successfully.
         Current function value: 0.832217
         Iterations: 20
         Function evaluations: 40
Optimization terminated successfully.
         Current function value: 0.770390
         Iterations: 37
         Function evaluations: 72
Optimization terminated successfully.
         Current function value: 0.787028
         Iterations: 20
         Function evaluations: 40
Optimization terminated successfully.
         Current function value: 0.518816
         Iterations: 36
         Function evaluations: 72
Optimization terminated successfully.
         Current function value: 0.522257
         Iterations: 19
         Function evaluations: 38
Optimization terminated successfully.
         Current function value: 0.852780
         Iterations: 50
         Function evaluations: 95
Optimization terminated successfully.
         Current function value: 0.859567
         Iterations: 20
         Function evaluations: 40
Optimization terminated successfully.
         Current function value: 0.896435
         Iterations: 53
         Function evaluations: 102
Optimization terminated successfully.
         Current function value: 0.896899
         Iterations: 20
         Function evaluations: 40
Optimization terminated successfully.
         Current function value: 0.830783
         Iterations: 43
         Function evaluations: 84
Optimization terminated successfully.
         Current function value: 0.852393
         Iterations: 19
         Function evaluations: 38
Optimization terminated successfully.
         Current function value: 0.833515
         Iterations: 44
         Function evaluations: 84
Optimization terminated successfully.
         Current function value: 0.834063
         Iterations: 20
         Function evaluations: 40
Optimization terminated successfully.
         Current function value: 0.796824
         Iterations: 40
         Function evaluations: 77
Optimization terminated successfully.
         Current function value: 0.812938
         Iterations: 20
         Function evaluations: 40
Optimization terminated successfully.
         Current function value: 0.406669
         Iterations: 37
         Function evaluations: 72
Optimization terminated successfully.
         Current function value: 0.408166
         Iterations: 18
         Function evaluations: 36
Optimization terminated successfully.
         Current function value: 0.892029
         Iterations: 47
         Function evaluations: 94
Optimization terminated successfully.
         Current function value: 0.892041
         Iterations: 20
         Function evaluations: 40
Optimization terminated successfully.
         Current function value: 0.933522
         Iterations: 57
         Function evaluations: 110
Optimization terminated successfully.
         Current function value: 0.947727
         Iterations: 20
         Function evaluations: 40
Optimization terminated successfully.
         Current function value: 0.816172
         Iterations: 50
         Function evaluations: 94
Optimization terminated successfully.
         Current function value: 0.849580
         Iterations: 19
         Function evaluations: 38
Optimization terminated successfully.
         Current function value: 0.796982
         Iterations: 45
         Function evaluations: 87
Optimization terminated successfully.
         Current function value: 0.797251
         Iterations: 20
         Function evaluations: 40
Error encountered in fitting
Error encountered in fitting
Optimization terminated successfully.
         Current function value: 0.720192
         Iterations: 47
         Function evaluations: 84
Optimization terminated successfully.
         Current function value: 0.758367
         Iterations: 20
         Function evaluations: 40
Optimization terminated successfully.
         Current function value: 0.567629
         Iterations: 36
         Function evaluations: 67
Optimization terminated successfully.
         Current function value: 0.571585
         Iterations: 19
         Function evaluations: 38
Optimization terminated successfully.
         Current function value: 0.838307
         Iterations: 53
         Function evaluations: 97
Optimization terminated successfully.
         Current function value: 0.842755
         Iterations: 20
         Function evaluations: 40
Optimization terminated successfully.
         Current function value: 0.880133
         Iterations: 50
         Function evaluations: 94
Optimization terminated successfully.
         Current function value: 0.880732
         Iterations: 20
         Function evaluations: 40
Optimization terminated successfully.
         Current function value: 0.877495
         Iterations: 51
         Function evaluations: 98
Optimization terminated successfully.
         Current function value: 0.889303
         Iterations: 20
         Function evaluations: 40
Optimization terminated successfully.
         Current function value: 0.568647
         Iterations: 41
         Function evaluations: 79
Optimization terminated successfully.
         Current function value: 0.588203
         Iterations: 20
         Function evaluations: 40
Optimization terminated successfully.
         Current function value: 0.828264
         Iterations: 51
         Function evaluations: 97
Optimization terminated successfully.
         Current function value: 0.831278
         Iterations: 20
         Function evaluations: 40
Optimization terminated successfully.
         Current function value: 0.694863
         Iterations: 35
         Function evaluations: 68
Optimization terminated successfully.
         Current function value: 0.703856
         Iterations: 19
         Function evaluations: 38
Optimization terminated successfully.
         Current function value: 0.757091
         Iterations: 51
         Function evaluations: 95
Optimization terminated successfully.
         Current function value: 0.777318
         Iterations: 20
         Function evaluations: 40
Optimization terminated successfully.
         Current function value: 0.757631
         Iterations: 51
         Function evaluations: 94
Optimization terminated successfully.
         Current function value: 0.785417
         Iterations: 20
         Function evaluations: 40
Optimization terminated successfully.
         Current function value: 0.880421
         Iterations: 44
         Function evaluations: 82
Optimization terminated successfully.
         Current function value: 0.881262
         Iterations: 20
         Function evaluations: 40
Optimization terminated successfully.
         Current function value: 0.690706
         Iterations: 37
         Function evaluations: 73
Optimization terminated successfully.
         Current function value: 0.690933
         Iterations: 21
         Function evaluations: 42
Optimization terminated successfully.
         Current function value: 0.704000
         Iterations: 42
         Function evaluations: 81
Optimization terminated successfully.
         Current function value: 0.735078
         Iterations: 20
         Function evaluations: 40
Optimization terminated successfully.
         Current function value: 0.703866
         Iterations: 40
         Function evaluations: 75
Optimization terminated successfully.
         Current function value: 0.703869
         Iterations: 19
         Function evaluations: 38
Optimization terminated successfully.
         Current function value: 0.797748
         Iterations: 46
         Function evaluations: 90
Optimization terminated successfully.
         Current function value: 0.816161
         Iterations: 20
         Function evaluations: 40
Optimization terminated successfully.
         Current function value: 0.818561
         Iterations: 46
         Function evaluations: 87
Optimization terminated successfully.
         Current function value: 0.819244
         Iterations: 20
         Function evaluations: 40
Optimization terminated successfully.
         Current function value: 0.908931
         Iterations: 44
         Function evaluations: 86
Optimization terminated successfully.
         Current function value: 0.929830
         Iterations: 20
         Function evaluations: 40
Optimization terminated successfully.
         Current function value: 0.653410
         Iterations: 46
         Function evaluations: 88
Optimization terminated successfully.
         Current function value: 0.693118
         Iterations: 20
         Function evaluations: 40
Optimization terminated successfully.
         Current function value: 0.682977
         Iterations: 38
         Function evaluations: 73
Optimization terminated successfully.
         Current function value: 0.698925
         Iterations: 20
         Function evaluations: 40
Optimization terminated successfully.
         Current function value: 0.757400
         Iterations: 41
         Function evaluations: 80
Optimization terminated successfully.
         Current function value: 0.759418
         Iterations: 19
         Function evaluations: 38
Optimization terminated successfully.
         Current function value: 0.804604
         Iterations: 46
         Function evaluations: 88
Optimization terminated successfully.
         Current function value: 0.818225
         Iterations: 20
         Function evaluations: 40
Optimization terminated successfully.
         Current function value: 0.801585
         Iterations: 47
         Function evaluations: 89
Optimization terminated successfully.
         Current function value: 0.821455
         Iterations: 20
         Function evaluations: 40
Optimization terminated successfully.
         Current function value: 0.875753
         Iterations: 40
         Function evaluations: 77
Optimization terminated successfully.
         Current function value: 0.875805
         Iterations: 19
         Function evaluations: 38
Optimization terminated successfully.
         Current function value: 0.859651
         Iterations: 49
         Function evaluations: 91
Optimization terminated successfully.
         Current function value: 0.859686
         Iterations: 20
         Function evaluations: 40
Optimization terminated successfully.
         Current function value: 0.674753
         Iterations: 48
         Function evaluations: 90
Optimization terminated successfully.
         Current function value: 0.699552
         Iterations: 20
         Function evaluations: 40
Optimization terminated successfully.
         Current function value: 0.391500
         Iterations: 48
         Function evaluations: 92
Optimization terminated successfully.
         Current function value: 0.534881
         Iterations: 19
         Function evaluations: 38
Optimization terminated successfully.
         Current function value: 0.865102
         Iterations: 39
         Function evaluations: 74
Optimization terminated successfully.
         Current function value: 0.865103
         Iterations: 19
         Function evaluations: 38
Optimization terminated successfully.
         Current function value: 0.887070
         Iterations: 39
         Function evaluations: 74
Optimization terminated successfully.
         Current function value: 0.887752
         Iterations: 19
         Function evaluations: 38
Optimization terminated successfully.
         Current function value: 0.726017
         Iterations: 44
         Function evaluations: 82
Optimization terminated successfully.
         Current function value: 0.726087
         Iterations: 19
         Function evaluations: 38
Optimization terminated successfully.
         Current function value: 0.743381
         Iterations: 56
         Function evaluations: 105
Optimization terminated successfully.
         Current function value: 0.744212
         Iterations: 20
         Function evaluations: 40
Optimization terminated successfully.
         Current function value: 0.772628
         Iterations: 44
         Function evaluations: 82
Optimization terminated successfully.
         Current function value: 0.800229
         Iterations: 19
         Function evaluations: 38
Optimization terminated successfully.
         Current function value: 0.567960
         Iterations: 34
         Function evaluations: 67
Optimization terminated successfully.
         Current function value: 0.575558
         Iterations: 19
         Function evaluations: 38
Optimization terminated successfully.
         Current function value: 0.825204
         Iterations: 43
         Function evaluations: 82
Optimization terminated successfully.
         Current function value: 0.836804
         Iterations: 20
         Function evaluations: 40
Optimization terminated successfully.
         Current function value: 0.878322
         Iterations: 55
         Function evaluations: 102
Optimization terminated successfully.
         Current function value: 0.882607
         Iterations: 20
         Function evaluations: 40
Optimization terminated successfully.
         Current function value: 0.910100
         Iterations: 50
         Function evaluations: 95
Optimization terminated successfully.
         Current function value: 0.969792
         Iterations: 20
         Function evaluations: 40
Optimization terminated successfully.
         Current function value: 0.788297
         Iterations: 43
         Function evaluations: 83
Optimization terminated successfully.
         Current function value: 0.789695
         Iterations: 20
         Function evaluations: 40
Optimization terminated successfully.
         Current function value: 0.681052
         Iterations: 44
         Function evaluations: 86
Optimization terminated successfully.
         Current function value: 0.714522
         Iterations: 20
         Function evaluations: 40
Optimization terminated successfully.
         Current function value: 0.505595
         Iterations: 31
         Function evaluations: 63
Optimization terminated successfully.
         Current function value: 0.507771
         Iterations: 19
         Function evaluations: 38
Optimization terminated successfully.
         Current function value: 0.831464
         Iterations: 37
         Function evaluations: 71
Optimization terminated successfully.
         Current function value: 0.838130
         Iterations: 20
         Function evaluations: 40
Optimization terminated successfully.
         Current function value: 0.890829
         Iterations: 46
         Function evaluations: 90
Optimization terminated successfully.
         Current function value: 0.892153
         Iterations: 20
         Function evaluations: 40
Optimization terminated successfully.
         Current function value: 0.870670
         Iterations: 48
         Function evaluations: 91
Optimization terminated successfully.
         Current function value: 0.878078
         Iterations: 20
         Function evaluations: 40
Optimization terminated successfully.
         Current function value: 0.591526
         Iterations: 47
         Function evaluations: 90
Optimization terminated successfully.
         Current function value: 0.604749
         Iterations: 20
         Function evaluations: 40
Optimization terminated successfully.
         Current function value: 0.754648
         Iterations: 49
         Function evaluations: 96
Optimization terminated successfully.
         Current function value: 0.764585
         Iterations: 20
         Function evaluations: 40
Optimization terminated successfully.
         Current function value: 0.694762
         Iterations: 39
         Function evaluations: 77
Optimization terminated successfully.
         Current function value: 0.716017
         Iterations: 20
         Function evaluations: 40
Optimization terminated successfully.
         Current function value: 0.729846
         Iterations: 44
         Function evaluations: 84
Optimization terminated successfully.
         Current function value: 0.755917
         Iterations: 20
         Function evaluations: 40
Optimization terminated successfully.
         Current function value: 0.756716
         Iterations: 39
         Function evaluations: 73
Optimization terminated successfully.
         Current function value: 0.768803
         Iterations: 20
         Function evaluations: 40
Optimization terminated successfully.
         Current function value: 0.884044
         Iterations: 53
         Function evaluations: 102
Optimization terminated successfully.
         Current function value: 0.885840
         Iterations: 20
         Function evaluations: 40
Optimization terminated successfully.
         Current function value: 0.707362
         Iterations: 38
         Function evaluations: 75
Optimization terminated successfully.
         Current function value: 0.718193
         Iterations: 20
         Function evaluations: 40
Optimization terminated successfully.
         Current function value: 0.435211
         Iterations: 49
         Function evaluations: 93
Optimization terminated successfully.
         Current function value: 0.518956
         Iterations: 20
         Function evaluations: 40
Optimization terminated successfully.
         Current function value: 0.658503
         Iterations: 38
         Function evaluations: 75
Optimization terminated successfully.
         Current function value: 0.659123
         Iterations: 19
         Function evaluations: 38
Optimization terminated successfully.
         Current function value: 0.791938
         Iterations: 41
         Function evaluations: 74
Optimization terminated successfully.
         Current function value: 0.798548
         Iterations: 20
         Function evaluations: 40
Optimization terminated successfully.
         Current function value: 0.820039
         Iterations: 45
         Function evaluations: 84
Optimization terminated successfully.
         Current function value: 0.823292
         Iterations: 20
         Function evaluations: 40
Optimization terminated successfully.
         Current function value: 0.860842
         Iterations: 40
         Function evaluations: 80
Optimization terminated successfully.
         Current function value: 0.862024
         Iterations: 20
         Function evaluations: 40
Optimization terminated successfully.
         Current function value: 0.531708
         Iterations: 53
         Function evaluations: 103
Optimization terminated successfully.
         Current function value: 0.537991
         Iterations: 20
         Function evaluations: 40
Optimization terminated successfully.
         Current function value: 0.730734
         Iterations: 40
         Function evaluations: 76
Optimization terminated successfully.
         Current function value: 0.740952
         Iterations: 20
         Function evaluations: 40
Optimization terminated successfully.
         Current function value: 0.696683
         Iterations: 41
         Function evaluations: 78
Optimization terminated successfully.
         Current function value: 0.720665
         Iterations: 19
         Function evaluations: 38
Optimization terminated successfully.
         Current function value: 0.649596
         Iterations: 44
         Function evaluations: 86
Optimization terminated successfully.
         Current function value: 0.702036
         Iterations: 20
         Function evaluations: 40
Optimization terminated successfully.
         Current function value: 0.682792
         Iterations: 50
         Function evaluations: 93
Optimization terminated successfully.
         Current function value: 0.710165
         Iterations: 20
         Function evaluations: 40
Optimization terminated successfully.
         Current function value: 0.834996
         Iterations: 46
         Function evaluations: 89
Optimization terminated successfully.
         Current function value: 0.834999
         Iterations: 20
         Function evaluations: 40
Optimization terminated successfully.
         Current function value: 0.521146
         Iterations: 48
         Function evaluations: 93
Optimization terminated successfully.
         Current function value: 0.556340
         Iterations: 20
         Function evaluations: 40
Optimization terminated successfully.
         Current function value: 0.779064
         Iterations: 44
         Function evaluations: 82
Optimization terminated successfully.
         Current function value: 0.782131
         Iterations: 20
         Function evaluations: 40
Error encountered in fitting
Optimization terminated successfully.
         Current function value: 0.772755
         Iterations: 39
         Function evaluations: 77
Optimization terminated successfully.
         Current function value: 0.774252
         Iterations: 19
         Function evaluations: 38
Optimization terminated successfully.
         Current function value: 0.706349
         Iterations: 46
         Function evaluations: 84
Optimization terminated successfully.
         Current function value: 0.748246
         Iterations: 20
         Function evaluations: 40
Optimization terminated successfully.
         Current function value: 0.731071
         Iterations: 52
         Function evaluations: 96
Optimization terminated successfully.
         Current function value: 0.754338
         Iterations: 20
         Function evaluations: 40
Optimization terminated successfully.
         Current function value: 0.902668
         Iterations: 48
         Function evaluations: 91
Optimization terminated successfully.
         Current function value: 0.909348
         Iterations: 20
         Function evaluations: 40
Optimization terminated successfully.
         Current function value: -6.634076
         Iterations: 41
         Function evaluations: 79
Warning: Maximum number of function evaluations has been exceeded.
Warning: Maximum number of function evaluations has been exceeded.
Warning: Maximum number of function evaluations has been exceeded.
Optimization terminated successfully.
         Current function value: -20.788428
         Iterations: 77
         Function evaluations: 166
Warning: Maximum number of function evaluations has been exceeded.
Optimization terminated successfully.
         Current function value: -10.409960
         Iterations: 37
         Function evaluations: 73
Warning: Maximum number of function evaluations has been exceeded.
Optimization terminated successfully.
         Current function value: -9.541042
         Iterations: 37
         Function evaluations: 72
Warning: Maximum number of function evaluations has been exceeded.
Warning: Maximum number of function evaluations has been exceeded.
Warning: Maximum number of function evaluations has been exceeded.
Optimization terminated successfully.
         Current function value: -10.464011
         Iterations: 36
         Function evaluations: 69
Warning: Maximum number of function evaluations has been exceeded.
Optimization terminated successfully.
         Current function value: -23.392736
         Iterations: 83
         Function evaluations: 172
Warning: Maximum number of function evaluations has been exceeded.
Optimization terminated successfully.
         Current function value: -23.133226
         Iterations: 77
         Function evaluations: 165
Warning: Maximum number of function evaluations has been exceeded.
Warning: Maximum number of function evaluations has been exceeded.
Warning: Maximum number of function evaluations has been exceeded.
Optimization terminated successfully.
         Current function value: -12.658800
         Iterations: 86
         Function evaluations: 185
Warning: Maximum number of function evaluations has been exceeded.
Warning: Maximum number of function evaluations has been exceeded.
Warning: Maximum number of function evaluations has been exceeded.
Error encountered in fitting
Error encountered in fitting
Error encountered in fitting
Error encountered in fitting
Optimization terminated successfully.
         Current function value: 0.840501
         Iterations: 48
         Function evaluations: 94
Optimization terminated successfully.
         Current function value: 0.845556
         Iterations: 20
         Function evaluations: 40
Optimization terminated successfully.
         Current function value: 0.680990
         Iterations: 44
         Function evaluations: 85
Optimization terminated successfully.
         Current function value: 0.749214
         Iterations: 20
         Function evaluations: 40
Optimization terminated successfully.
         Current function value: 0.293922
         Iterations: 50
         Function evaluations: 94
Optimization terminated successfully.
         Current function value: 0.535479
         Iterations: 20
         Function evaluations: 40
Optimization terminated successfully.
         Current function value: 0.286072
         Iterations: 43
         Function evaluations: 83
Optimization terminated successfully.
         Current function value: 0.415363
         Iterations: 19
         Function evaluations: 38
Error encountered in fitting
Error encountered in fitting
Optimization terminated successfully.
         Current function value: 0.507143
         Iterations: 39
         Function evaluations: 77
Optimization terminated successfully.
         Current function value: 0.574156
         Iterations: 20
         FunctiOptimization terminated successfully.
         Current function value: 0.603266
         Iterations: 39
         Function evaluations: 76
Optimization terminated successfully.
         Current function value: 0.626298
         Iterations: 19
         Function evaluations: 38
Optimization terminated successfully.
         Current function value: 0.178097
         Iterations: 48
         Function evaluations: 91
Optimization terminated successfully.
         Current function value: 0.321509
         Iterations: 19
         Function evaluations: 38
Optimization terminated successfully.
         Current function value: 0.263797
         Iterations: 58
         Function evaluations: 110
Optimization terminated successfully.
         Current function value: 0.467462
         Iterations: 20
         Function evaluations: 40
Optimization terminated successfully.
         Current function value: 0.554630
         Iterations: 36
         Function evaluations: 70
Optimization terminated successfully.
         Current function value: 0.563150
         Iterations: 19
         Function evaluations: 38
Optimization terminated successfully.
         Current function value: 0.632064
         Iterations: 44
         Function evaluations: 82
Optimization terminated successfully.
         Current function value: 0.664828
         Iterations: 20
         Function evaluations: 40
Optimization terminated successfully.
         Current function value: 0.434434
         Iterations: 46
         Function evaluations: 89
Optimization terminated successfully.
         Current function value: 0.483377
         Iterations: 19
         Function evaluations: 38
Optimization terminated successfully.
         Current function value: 0.702874
         Iterations: 39
         Function evaluations: 76
Optimization terminated successfully.
         Current function value: 0.705025
         Iterations: 19
         Function evaluations: 38
Optimization terminated successfully.
         Current function value: 0.693409
         Iterations: 40
         Function evaluations: 74
Optimization terminated successfully.
         Current function value: 0.693747
         Iterations: 19
         Function evaluations: 38
Error encountered in fitting
Optimization terminated successfully.
         Current function value: 0.595625
         Iterations: 41
         Function evaluations: 78
Optimization terminated successfully.
         Current function value: 0.599831
         Iterations: 19
         Function evaluations: 38
Optimization terminated successfully.
         Current function value: 0.747781
         Iterations: 43
         Function evaluations: 79
Optimization terminated successfully.
         Current function value: 0.752382
         Iterations: 19
         Function evaluations: 38
Optimization terminated successfully.
         Current function value: 0.736679
         Iterations: 38
         Function evaluations: 75
Optimization terminated successfully.
         Current function value: 0.737907
         Iterations: 19
         Function evaluations: 38
Optimization terminated successfully.
         Current function value: 0.701792
         Iterations: 42
         Function evaluations: 79
Optimization terminated successfully.
         Current function value: 0.701871
         Iterations: 19
         Function evaluations: 38
Optimization terminated successfully.
         Current function value: 0.794696
         Iterations: 47
         Function evaluations: 86
Optimization terminated successfully.
         Current function value: 0.814732
         Iterations: 20
         Function evaluations: 40
Optimization terminated successfully.
         Current function value: 0.789496
         Iterations: 46
         Function evaluations: 86
Optimization terminated successfully.
         Current function value: 0.794355
         Iterations: 19
         Function evaluations: 38
Optimization terminated successfully.
         Current function value: 0.764314
         Iterations: 62
         Function evaluations: 117
Optimization terminated successfully.
         Current functionTraceback (most recent call last):
  File "hpc_newman.py", line 134, in <module>
    main()
  File "hpc_newman.py", line 129, in main
    res = Parallel(n_jobs=23)(delayed(run_newman) (flow_files[i]) for i in range(len(flow_files)))
  File "/global/home/users/dralle/miniconda2/envs/py2k_model/lib/python2.7/site-packages/joblib/parallel.py", line 810, in __call__
    self.retrieve()
  File "/global/home/users/dralle/miniconda2/envs/py2k_model/lib/python2.7/site-packages/joblib/parallel.py", line 727, in retrieve
    self._output.extend(job.get())
  File "/global/home/users/dralle/miniconda2/envs/py2k_model/lib/python2.7/multiprocessing/pool.py", line 567, in get
    raise self._value
MemoryError
